x T pdf
x res 72000 1 1
x init
x F fixtures/arcs.pic
p1
V12000
H72000
DFd
h207000
n12000 0
V12000
H72000
md
s10000
Dt -1000 0
h1000
n12000 0
V84000
H126000
Dp 0 -36000 -54000 0 0 36000
n12000 0
x font 5 TR
f5
V68200
H89280
tfrom
n12000 0
V84000
H99000
cA
Da 0 -36000 18000 54000
n12000 0
cZ
V246000
H261000
Da -144000 0 0 -144000
n12000 0
V228000
H243000
Da 18000 0 0 18000
n12000 0
V246000
H225000
Da 0 -18000 18000 0
n12000 0
V246000
H225000
Da 0 144000 -144000 0
n12000 0
V390000
H81000
Da 18000 0 0 18000
n12000 0
V408000
H99000
Da 0 -18000 18000 0
n12000 0
V260400
H246600
Da 0 129600 -129600 0
n12000 0
V260400
H246600
Dl 14400 0
n12000 0
V260400
H261000
Da 0 -18000 18000 0
n12000 0
V242400
H279000
Da -154800 0 0 -154800
n12000 0
V87600
H124200
Dl 0 -39600
n12000 0
x trailer
V792000
x stop
