x T ps
x res 72000 1 1
x init
x F -
p1
V12000
H72000
DFd
h148248
n12000 0
V12000
H72000
md
s10000
Dt -1000 0
h1000
n12000 0
x font 5 TR
f5
V72448
H73428
t+
n12000 0
V12000
H72000
n12000 0
V12000
H72000
DFg 0
h4248
v22248
DP 4680 -5760 2160 2880
n12000 0
V12000
H72000
Dt 100 0
H72000
n12000 0
V34248
H76248
Dp 4680 -5760 2160 2880
n12000 0
V12000
H72000
Dt -1000 0
h1000
n12000 0
V70248
H112248
Da -18000 -18000 -12240 -22320
n12000 0
V34248
H148248
DP -5328 -5184 3096 -1872
n12000 0
V12000
H72000
Dt 100 0
H72000
n12000 0
V34248
H148248
Dp -5328 -5184 3096 -1872
n12000 0
V12000
H72000
Dt -1000 0
h1000
n12000 0
V28128
H144504
Da -32256 24120 -36000 18000
n12000 0
V70248
H220248
DP -7272 1368 216 -3600
n12000 0
V12000
H72000
Dt 100 0
H72000
n12000 0
V70248
H220248
Dp -7272 1368 216 -3600
n12000 0
V12000
H72000
Dt -1000 0
h1000
n12000 0
V69816
H213048
Da -64800 1078056 -72000 -1077624
n12000 0
x trailer
V792000
x stop
