x T pdf
x res 72000 1 1
x init
x F fixtures/x.pic
p1
x font 5 TR
f5
s10000
V12000
H72000
md
DFd
t1.
wh2500
tSho
H97310
tw
wh2500
t/
wh2500
V12000
H112310
x XDDDDDD\ ps: invis
wh2500
t2.
wh2500
tHide
wh2500
t/
wh2500
V12000
H152030
x XDDDDDD{kill}[yourself]\(tho) ps: endinvis
wh2500
t3.
wh2500
tSho
tw
wh2500
t/
wh2500
tEnd
n12000 0
V72000
H72000
V72000
H72000
x XxDDDDDDDDDDDDDDDDDDD...nah. ps: exec 1 setlinejoin
wh2500
V72000
H74500
x XXxxx+=DDDDDDDDDDDDDDDD...srs ps: exec 1 setlinecap
n12000 0
V84000
H126000
n12000 0
V84000
H72000
Dt 9000 0
h1000
n12000 0
V120000
H126000
Dp 0 -36000 -54000 0 0 36000
v16000
Dl 28000 36000
Dl 38000 -15000
n12000 0
V104200
H90260
tT
H95670
te
H99960
txt
n12000 0
x XXXXX[WELL,OKAY*THEN]XXXX ps:exec [
+ /Title (Portable Document Format Publishing with GNU Troff)
+ /Author (Keith Marshall)
+ /Subject (Tips and Techniques for Exploiting PDF Features with GNU Troff)
+ /Keywords (groff troff PDF pdfmark)
+ /DOCINFO pdfmark

# x X ps:exec [/Author (Keith Marshall) /DOCINFO pdfmark
# x X ps:exec [/Subject (Tips and Techniques for Exploiting PDF Features with GNU Troff) /DOCINFO pdfmark
# x X ps:exec [/Keywords (groff troff PDF pdfmark) /DOCINFO pdfmark
V132000
H72000
tLorem
wh2500
tipsum
wh2500
tdolor
wh2500
tsit
wh2500
tamet
wh2500
Clq
h4440
V132000
H190050
mr 22937 0 39321
x X pdf: markstart
+ 6830 -4170 2000
+ /Subtype /Link /Action << /Subtype /URI /URI (http://partners.adobe.com/public/developer/en/acrobat/sdk/pdf/pdf_creation_apis_and_specs/pdfmarkReference.pdf) >>
+ /Border [0 0 1 [20 10]]
+ /Color  [0.35 0.00 0.60]
tpdfmark
h2500
tReference
h2500
tManual
V132000
H300010
x X pdf: markend
md
Crq
h4440
t-D
wh2500
tMauris
wh2500
taliquam
wh2500
tarcu
wh2500
tlibero
n12000 0
x trailer
V792000
x stop
